1729440285840:find -a
1729441197962:barber -d name6
1729441207962:barber -d name8
1729441215964:barber -d name10
1729441245978:barber -d name9
1729441462447:barber -u name10
1729441535454:find barber
1729441539453:lan
1729441542453:lang
1729441568456:barber parvizU
1729441578458:find parvizU
1729487222440:service -a
1729487411137:service qwe
1729487502879:service Побрить бороду
1729487514868:service
1729487518869:service -a
1729487528869:service Фен-стилинг
1729487683777:service -a
1729487698782:service -d Фен-стилинг
1729488174355:service -add полбокс
1729488184352:service -a
1729488201354:service -d полбокс
1729488285130:service -add полбокс
1729488294127:service -d полбокс
1729488573668:lang
1729488578668:lang -c en
1729488589673:service полбокс
1729488598671:service -add полбокс
1729488610672:service -a
1729488618674:service -d полбокс
1729488639675:service -d фыв
1729489155688:service -a
1729489176694:service -add полбокс
1729489190694:service -u полбокс
1729489206695:service полбокс
1729489224696:exit
1732078499848:help
1732078503847:lang
1732078514849:find barber
1732078520849:lang -c en
1732078528850:lang -c ru
1732078532851:find barber
1732080578479:help
1732080588477:find -a
1732081192009:help
1732081204007:service -a
1732081224011:service hearcut
