1729419004505:hello
1729419008501:find barber
1729419029504:lang
1729419037504:lang -c en
1729419045506:find barber
1729422611882:barber -d name5
1729422659499:barber -d name2
1729423144716:barber -d name5
1729424179937:barber qwe
1729424515341:barber -u parviz
1729430290067:barber -u qweqweq
1729430300065:barber -u name6
1729430310067:barber -u name7
1729438662249:lang
1729438669249:find -a
1729438686262:barber -d Елена
1729438708254:lang -c en
1729438719255:barber -u Сергей
1729439001281:help
1729439026284:exit
1732077024718:find barber
1732077029715:lang -c ru
1732077033715:find barber
1732077652166:help
1732077672167:barber parviz
1732077679168:find parviz
1732077689169:barber -d parviz
1732077696170:find parviz
1732725757207:find -a
1732725763205:find --all
1732726087106:help
1732726096105:barber -u -h
1732726111107:barber -u --help
1732726126109:barber -u parviz
1732726174799:barber --update parviz
1732726193800:lang
1732726312934:lang -c ru
1732726325936:lang --change en
1732726403971:barber -u parviz
1732726417979:barber -d qwerty
