1729347732477:hello
1729347738476:hello-world
1729348334295:find barber
1729348337293:find
1729348379417:find -a
1729352667868:hello
1729352676867:lang
1729352952711:lang -c en
1729352956710:lang
1729353041974:find -a
1729353045973:find barber
1729353054973:lang
1729353059974:lang -c en
1729353064975:find barber
1729353071976:lang
1729353084979:lang -c ru
1729353090979:find barber
1732014540009:help
1732014554009:lang -c en
1732014557009:lang
1732014564010:find barber
1732014569011:find -a
1732074118821:find barber
1732074245115:help
1732074258116:lang -c ru
1732074265117:find barber
1732075226840:lang
1732075275847:lang --c ru
1732075284848:lang -c ru
1732075312992:lang
1732075320992:find barber
1732075326992:lang -c ru
1732075332993:lang
1732075378585:find barber
1732075383586:lang -c ru
1732075451973:lang ru
1732075461973:lang -c ru
1732075801727:find barber
1732076010383:lang -c ru
1732076118341:find barber
1732076128342:lang
1732076167603:lang -c en
